########### array before sorts ###########
0	0.000000	2.000000	0.068148	1.482362	n
1	0.068148	1.482362	0.267949	1.000000	n
2	0.267949	1.000000	0.585786	0.585786	n
3	0.585786	0.585786	1.000000	0.267949	n
4	1.000000	0.267949	1.482362	0.068148	n
5	1.482362	0.068148	2.000000	0.000000	n
6	2.000000	0.000000	84.000000	0.000000	n
7	84.000000	0.000000	84.517638	0.068148	n
8	84.517638	0.068148	85.000000	0.267949	n
9	85.000000	0.267949	85.414214	0.585786	n
10	85.414214	0.585786	85.732051	1.000000	n
11	85.732051	1.000000	85.931852	1.482362	n
12	85.931852	1.482362	86.000000	2.000000	n
13	86.000000	2.000000	86.000000	11.000000	n
14	86.000000	11.000000	85.931852	11.517638	n
15	85.931852	11.517638	85.732051	12.000000	n
16	85.732051	12.000000	85.414214	12.414214	n
17	85.414214	12.414214	85.000000	12.732051	n
18	85.000000	12.732051	84.517638	12.931852	n
19	84.517638	12.931852	84.000000	13.000000	n
20	84.000000	13.000000	77.000000	13.000000	n
21	77.000000	13.000000	76.741181	13.034074	n
22	76.741181	13.034074	76.500000	13.133975	n
23	76.500000	13.133975	76.292893	13.292893	n
24	76.292893	13.292893	76.133975	13.500000	n
25	76.133975	13.500000	76.034074	13.741181	n
26	76.034074	13.741181	76.000000	14.000000	n
27	76.000000	14.000000	76.000000	28.000000	n
28	76.000000	28.000000	76.034074	28.258819	n
29	76.034074	28.258819	76.133975	28.500000	n
30	76.133975	28.500000	76.292893	28.707107	n
31	76.292893	28.707107	76.500000	28.866025	n
32	76.500000	28.866025	76.741181	28.965926	n
33	76.741181	28.965926	77.000000	29.000000	n
34	77.000000	29.000000	84.000000	29.000000	n
35	84.000000	29.000000	84.517638	29.068148	n
36	84.517638	29.068148	85.000000	29.267949	n
37	85.000000	29.267949	85.414214	29.585786	n
38	85.414214	29.585786	85.732051	30.000000	n
39	85.732051	30.000000	85.931852	30.482362	n
40	85.931852	30.482362	86.000000	31.000000	n
41	86.000000	31.000000	86.000000	64.000000	n
42	6.000000	64.000000	6.000000	45.000000	n
43	6.000000	45.000000	5.931852	44.482362	n
44	5.931852	44.482362	5.732051	44.000000	n
45	5.732051	44.000000	5.414214	43.585786	n
46	5.414214	43.585786	5.000000	43.267949	n
47	5.000000	43.267949	4.517638	43.068148	n
48	4.517638	43.068148	4.000000	43.000000	n
49	4.000000	43.000000	2.000000	43.000000	n
50	2.000000	43.000000	1.482362	42.931852	n
51	1.482362	42.931852	1.000000	42.732051	n
52	1.000000	42.732051	0.585786	42.414214	n
53	0.585786	42.414214	0.267949	42.000000	n
54	0.267949	42.000000	0.068148	41.517638	n
55	0.068148	41.517638	0.000000	41.000000	n
56	0.000000	41.000000	0.000000	31.000000	n
57	0.000000	31.000000	0.068148	30.482362	n
58	0.068148	30.482362	0.267949	30.000000	n
59	0.267949	30.000000	0.585786	29.585786	n
60	0.585786	29.585786	1.000000	29.267949	n
61	1.000000	29.267949	1.482362	29.068148	n
62	1.482362	29.068148	2.000000	29.000000	n
63	2.000000	29.000000	9.000000	29.000000	n
64	9.000000	29.000000	9.258819	28.965926	n
65	9.258819	28.965926	9.500000	28.866025	n
66	9.500000	28.866025	9.707107	28.707107	n
67	9.707107	28.707107	9.866025	28.500000	n
68	9.866025	28.500000	9.965926	28.258819	n
69	9.965926	28.258819	10.000000	28.000000	n
70	10.000000	28.000000	10.000000	14.000000	n
71	10.000000	14.000000	9.965926	13.741181	n
72	9.965926	13.741181	9.866025	13.500000	n
73	9.866025	13.500000	9.707107	13.292893	n
74	9.707107	13.292893	9.500000	13.133975	n
75	9.500000	13.133975	9.258819	13.034074	n
76	9.258819	13.034074	9.000000	13.000000	n
77	9.000000	13.000000	2.000000	13.000000	n
78	2.000000	13.000000	1.482362	12.931852	n
79	1.482362	12.931852	1.000000	12.732051	n
80	1.000000	12.732051	0.585786	12.414214	n
81	0.585786	12.414214	0.267949	12.000000	n
82	0.267949	12.000000	0.068148	11.517638	n
83	0.068148	11.517638	0.000000	11.000000	n
84	0.000000	2.000000	0.000000	11.000000	n
85	6.000000	64.000000	6.068148	64.517638	n
86	6.068148	64.517638	6.267949	65.000000	n
87	6.267949	65.000000	6.585786	65.414214	n
88	6.585786	65.414214	7.000000	65.732051	n
89	7.000000	65.732051	7.482362	65.931852	n
90	7.482362	65.931852	8.000000	66.000000	n
91	8.000000	66.000000	84.000000	66.000000	n
92	84.000000	66.000000	84.517638	65.931852	n
93	84.517638	65.931852	85.000000	65.732051	n
94	85.000000	65.732051	85.414214	65.414214	n
95	85.414214	65.414214	85.732051	65.000000	n
96	85.732051	65.000000	85.931852	64.517638	n
97	85.931852	64.517638	86.000000	64.000000	n
Tolerance=0.050000.
*Exact match for i=0 and j=1.
*i point 0.000000	2.000000	0.068148	1.482362	y
*Exact match for i=1 and j=2.
*i point 0.068148	1.482362	0.267949	1.000000	y
*Exact match for i=2 and j=3.
*i point 0.267949	1.000000	0.585786	0.585786	y
*Exact match for i=3 and j=4.
*i point 0.585786	0.585786	1.000000	0.267949	y
*Exact match for i=4 and j=5.
*i point 1.000000	0.267949	1.482362	0.068148	y
*Exact match for i=5 and j=6.
*i point 1.482362	0.068148	2.000000	0.000000	y
*Exact match for i=6 and j=7.
*i point 2.000000	0.000000	84.000000	0.000000	y
*Exact match for i=7 and j=8.
*i point 84.000000	0.000000	84.517638	0.068148	y
*Exact match for i=8 and j=9.
*i point 84.517638	0.068148	85.000000	0.267949	y
*Exact match for i=9 and j=10.
*i point 85.000000	0.267949	85.414214	0.585786	y
*Exact match for i=10 and j=11.
*i point 85.414214	0.585786	85.732051	1.000000	y
*Exact match for i=11 and j=12.
*i point 85.732051	1.000000	85.931852	1.482362	y
*Exact match for i=12 and j=13.
*i point 85.931852	1.482362	86.000000	2.000000	y
*Exact match for i=13 and j=14.
*i point 86.000000	2.000000	86.000000	11.000000	y
*Exact match for i=14 and j=15.
*i point 86.000000	11.000000	85.931852	11.517638	y
*Exact match for i=15 and j=16.
*i point 85.931852	11.517638	85.732051	12.000000	y
*Exact match for i=16 and j=17.
*i point 85.732051	12.000000	85.414214	12.414214	y
*Exact match for i=17 and j=18.
*i point 85.414214	12.414214	85.000000	12.732051	y
*Exact match for i=18 and j=19.
*i point 85.000000	12.732051	84.517638	12.931852	y
*Exact match for i=19 and j=20.
*i point 84.517638	12.931852	84.000000	13.000000	y
*Exact match for i=20 and j=21.
*i point 84.000000	13.000000	77.000000	13.000000	y
*Exact match for i=21 and j=22.
*i point 77.000000	13.000000	76.741181	13.034074	y
*Exact match for i=22 and j=23.
*i point 76.741181	13.034074	76.500000	13.133975	y
*Exact match for i=23 and j=24.
*i point 76.500000	13.133975	76.292893	13.292893	y
*Exact match for i=24 and j=25.
*i point 76.292893	13.292893	76.133975	13.500000	y
*Exact match for i=25 and j=26.
*i point 76.133975	13.500000	76.034074	13.741181	y
*Exact match for i=26 and j=27.
*i point 76.034074	13.741181	76.000000	14.000000	y
*Exact match for i=27 and j=28.
*i point 76.000000	14.000000	76.000000	28.000000	y
*Exact match for i=28 and j=29.
*i point 76.000000	28.000000	76.034074	28.258819	y
*Exact match for i=29 and j=30.
*i point 76.034074	28.258819	76.133975	28.500000	y
*Exact match for i=30 and j=31.
*i point 76.133975	28.500000	76.292893	28.707107	y
*Exact match for i=31 and j=32.
*i point 76.292893	28.707107	76.500000	28.866025	y
*Exact match for i=32 and j=33.
*i point 76.500000	28.866025	76.741181	28.965926	y
*Exact match for i=33 and j=34.
*i point 76.741181	28.965926	77.000000	29.000000	y
*Exact match for i=34 and j=35.
*i point 77.000000	29.000000	84.000000	29.000000	y
*Exact match for i=35 and j=36.
*i point 84.000000	29.000000	84.517638	29.068148	y
*Exact match for i=36 and j=37.
*i point 84.517638	29.068148	85.000000	29.267949	y
*Exact match for i=37 and j=38.
*i point 85.000000	29.267949	85.414214	29.585786	y
*Exact match for i=38 and j=39.
*i point 85.414214	29.585786	85.732051	30.000000	y
*Exact match for i=39 and j=40.
*i point 85.732051	30.000000	85.931852	30.482362	y
*Exact match for i=40 and j=41.
*i point 85.931852	30.482362	86.000000	31.000000	y
*Exact match for i=41 and j=97.
*i point 86.000000	31.000000	86.000000	64.000000	y
	*Before flip 	85.931852	64.517638	86.000000	64.000000	y
	*After flip 	86.000000	64.000000	85.931852	64.517638	y
*Exact match for i=42 and j=96.
*i point 86.000000	64.000000	85.931852	64.517638	y
	*Before flip 	85.732051	65.000000	85.931852	64.517638	y
	*After flip 	85.931852	64.517638	85.732051	65.000000	y
*Exact match for i=43 and j=95.
*i point 85.931852	64.517638	85.732051	65.000000	y
	*Before flip 	85.414214	65.414214	85.732051	65.000000	y
	*After flip 	85.732051	65.000000	85.414214	65.414214	y
*Exact match for i=44 and j=94.
*i point 85.732051	65.000000	85.414214	65.414214	y
	*Before flip 	85.000000	65.732051	85.414214	65.414214	y
	*After flip 	85.414214	65.414214	85.000000	65.732051	y
*Exact match for i=45 and j=93.
*i point 85.414214	65.414214	85.000000	65.732051	y
	*Before flip 	84.517638	65.931852	85.000000	65.732051	y
	*After flip 	85.000000	65.732051	84.517638	65.931852	y
*Exact match for i=46 and j=92.
*i point 85.000000	65.732051	84.517638	65.931852	y
	*Before flip 	84.000000	66.000000	84.517638	65.931852	y
	*After flip 	84.517638	65.931852	84.000000	66.000000	y
*Exact match for i=47 and j=91.
*i point 84.517638	65.931852	84.000000	66.000000	y
	*Before flip 	8.000000	66.000000	84.000000	66.000000	y
	*After flip 	84.000000	66.000000	8.000000	66.000000	y
*Exact match for i=48 and j=90.
*i point 84.000000	66.000000	8.000000	66.000000	y
	*Before flip 	7.482362	65.931852	8.000000	66.000000	y
	*After flip 	8.000000	66.000000	7.482362	65.931852	y
*Exact match for i=49 and j=89.
*i point 8.000000	66.000000	7.482362	65.931852	y
	*Before flip 	7.000000	65.732051	7.482362	65.931852	y
	*After flip 	7.482362	65.931852	7.000000	65.732051	y
*Exact match for i=50 and j=88.
*i point 7.482362	65.931852	7.000000	65.732051	y
	*Before flip 	6.585786	65.414214	7.000000	65.732051	y
	*After flip 	7.000000	65.732051	6.585786	65.414214	y
*Exact match for i=51 and j=87.
*i point 7.000000	65.732051	6.585786	65.414214	y
	*Before flip 	6.267949	65.000000	6.585786	65.414214	y
	*After flip 	6.585786	65.414214	6.267949	65.000000	y
*Exact match for i=52 and j=86.
*i point 6.585786	65.414214	6.267949	65.000000	y
	*Before flip 	6.068148	64.517638	6.267949	65.000000	y
	*After flip 	6.267949	65.000000	6.068148	64.517638	y
*Exact match for i=53 and j=85.
*i point 6.267949	65.000000	6.068148	64.517638	y
	*Before flip 	6.000000	64.000000	6.068148	64.517638	y
	*After flip 	6.068148	64.517638	6.000000	64.000000	y
*Exact match for i=54 and j=97.
*i point 6.068148	64.517638	6.000000	64.000000	y
*Exact match for i=55 and j=96.
*i point 6.000000	64.000000	6.000000	45.000000	y
*Exact match for i=56 and j=95.
*i point 6.000000	45.000000	5.931852	44.482362	y
*Exact match for i=57 and j=94.
*i point 5.931852	44.482362	5.732051	44.000000	y
*Exact match for i=58 and j=93.
*i point 5.732051	44.000000	5.414214	43.585786	y
*Exact match for i=59 and j=92.
*i point 5.414214	43.585786	5.000000	43.267949	y
*Exact match for i=60 and j=91.
*i point 5.000000	43.267949	4.517638	43.068148	y
*Exact match for i=61 and j=90.
*i point 4.517638	43.068148	4.000000	43.000000	y
*Exact match for i=62 and j=89.
*i point 4.000000	43.000000	2.000000	43.000000	y
*Exact match for i=63 and j=88.
*i point 2.000000	43.000000	1.482362	42.931852	y
*Exact match for i=64 and j=87.
*i point 1.482362	42.931852	1.000000	42.732051	y
*Exact match for i=65 and j=86.
*i point 1.000000	42.732051	0.585786	42.414214	y
*Exact match for i=66 and j=85.
*i point 0.585786	42.414214	0.267949	42.000000	y
*Exact match for i=67 and j=97.
*i point 0.267949	42.000000	0.068148	41.517638	y
*Exact match for i=68 and j=96.
*i point 0.068148	41.517638	0.000000	41.000000	y
*Exact match for i=69 and j=95.
*i point 0.000000	41.000000	0.000000	31.000000	y
*Exact match for i=70 and j=94.
*i point 0.000000	31.000000	0.068148	30.482362	y
*Exact match for i=71 and j=93.
*i point 0.068148	30.482362	0.267949	30.000000	y
*Exact match for i=72 and j=92.
*i point 0.267949	30.000000	0.585786	29.585786	y
*Exact match for i=73 and j=91.
*i point 0.585786	29.585786	1.000000	29.267949	y
*Exact match for i=74 and j=90.
*i point 1.000000	29.267949	1.482362	29.068148	y
*Exact match for i=75 and j=89.
*i point 1.482362	29.068148	2.000000	29.000000	y
*Exact match for i=76 and j=88.
*i point 2.000000	29.000000	9.000000	29.000000	y
*Exact match for i=77 and j=87.
*i point 9.000000	29.000000	9.258819	28.965926	y
*Exact match for i=78 and j=86.
*i point 9.258819	28.965926	9.500000	28.866025	y
*Exact match for i=79 and j=85.
*i point 9.500000	28.866025	9.707107	28.707107	y
*Exact match for i=80 and j=97.
*i point 9.707107	28.707107	9.866025	28.500000	y
*Exact match for i=81 and j=96.
*i point 9.866025	28.500000	9.965926	28.258819	y
*Exact match for i=82 and j=95.
*i point 9.965926	28.258819	10.000000	28.000000	y
*Exact match for i=83 and j=94.
*i point 10.000000	28.000000	10.000000	14.000000	y
*Exact match for i=84 and j=93.
*i point 10.000000	14.000000	9.965926	13.741181	y
*Exact match for i=85 and j=92.
*i point 9.965926	13.741181	9.866025	13.500000	y
*Exact match for i=86 and j=91.
*i point 9.866025	13.500000	9.707107	13.292893	y
*Exact match for i=87 and j=90.
*i point 9.707107	13.292893	9.500000	13.133975	y
*Exact match for i=88 and j=89.
*i point 9.500000	13.133975	9.258819	13.034074	y
*Exact match for i=89 and j=90.
*i point 9.258819	13.034074	9.000000	13.000000	y
*Exact match for i=90 and j=91.
*i point 9.000000	13.000000	2.000000	13.000000	y
*Exact match for i=91 and j=92.
*i point 2.000000	13.000000	1.482362	12.931852	y
*Exact match for i=92 and j=93.
*i point 1.482362	12.931852	1.000000	12.732051	y
*Exact match for i=93 and j=97.
*i point 1.000000	12.732051	0.585786	12.414214	y
*Exact match for i=94 and j=96.
*i point 0.585786	12.414214	0.267949	12.000000	y
*Exact match for i=95 and j=96.
*i point 0.267949	12.000000	0.068148	11.517638	y
*Exact match for i=96 and j=97.
*i point 0.068148	11.517638	0.000000	11.000000	y
	*Before flip 	0.000000	2.000000	0.000000	11.000000	y
	*After flip 	0.000000	11.000000	0.000000	2.000000	y
########### array after sorts ###########
0	0.000000	2.000000	0.068148	1.482362	y
1	0.068148	1.482362	0.267949	1.000000	y
2	0.267949	1.000000	0.585786	0.585786	y
3	0.585786	0.585786	1.000000	0.267949	y
4	1.000000	0.267949	1.482362	0.068148	y
5	1.482362	0.068148	2.000000	0.000000	y
6	2.000000	0.000000	84.000000	0.000000	y
7	84.000000	0.000000	84.517638	0.068148	y
8	84.517638	0.068148	85.000000	0.267949	y
9	85.000000	0.267949	85.414214	0.585786	y
10	85.414214	0.585786	85.732051	1.000000	y
11	85.732051	1.000000	85.931852	1.482362	y
12	85.931852	1.482362	86.000000	2.000000	y
13	86.000000	2.000000	86.000000	11.000000	y
14	86.000000	11.000000	85.931852	11.517638	y
15	85.931852	11.517638	85.732051	12.000000	y
16	85.732051	12.000000	85.414214	12.414214	y
17	85.414214	12.414214	85.000000	12.732051	y
18	85.000000	12.732051	84.517638	12.931852	y
19	84.517638	12.931852	84.000000	13.000000	y
20	84.000000	13.000000	77.000000	13.000000	y
21	77.000000	13.000000	76.741181	13.034074	y
22	76.741181	13.034074	76.500000	13.133975	y
23	76.500000	13.133975	76.292893	13.292893	y
24	76.292893	13.292893	76.133975	13.500000	y
25	76.133975	13.500000	76.034074	13.741181	y
26	76.034074	13.741181	76.000000	14.000000	y
27	76.000000	14.000000	76.000000	28.000000	y
28	76.000000	28.000000	76.034074	28.258819	y
29	76.034074	28.258819	76.133975	28.500000	y
30	76.133975	28.500000	76.292893	28.707107	y
31	76.292893	28.707107	76.500000	28.866025	y
32	76.500000	28.866025	76.741181	28.965926	y
33	76.741181	28.965926	77.000000	29.000000	y
34	77.000000	29.000000	84.000000	29.000000	y
35	84.000000	29.000000	84.517638	29.068148	y
36	84.517638	29.068148	85.000000	29.267949	y
37	85.000000	29.267949	85.414214	29.585786	y
38	85.414214	29.585786	85.732051	30.000000	y
39	85.732051	30.000000	85.931852	30.482362	y
40	85.931852	30.482362	86.000000	31.000000	y
41	86.000000	31.000000	86.000000	64.000000	y
42	86.000000	64.000000	85.931852	64.517638	y
43	85.931852	64.517638	85.732051	65.000000	y
44	85.732051	65.000000	85.414214	65.414214	y
45	85.414214	65.414214	85.000000	65.732051	y
46	85.000000	65.732051	84.517638	65.931852	y
47	84.517638	65.931852	84.000000	66.000000	y
48	84.000000	66.000000	8.000000	66.000000	y
49	8.000000	66.000000	7.482362	65.931852	y
50	7.482362	65.931852	7.000000	65.732051	y
51	7.000000	65.732051	6.585786	65.414214	y
52	6.585786	65.414214	6.267949	65.000000	y
53	6.267949	65.000000	6.068148	64.517638	y
54	6.068148	64.517638	6.000000	64.000000	y
55	6.000000	64.000000	6.000000	45.000000	y
56	6.000000	45.000000	5.931852	44.482362	y
57	5.931852	44.482362	5.732051	44.000000	y
58	5.732051	44.000000	5.414214	43.585786	y
59	5.414214	43.585786	5.000000	43.267949	y
60	5.000000	43.267949	4.517638	43.068148	y
61	4.517638	43.068148	4.000000	43.000000	y
62	4.000000	43.000000	2.000000	43.000000	y
63	2.000000	43.000000	1.482362	42.931852	y
64	1.482362	42.931852	1.000000	42.732051	y
65	1.000000	42.732051	0.585786	42.414214	y
66	0.585786	42.414214	0.267949	42.000000	y
67	0.267949	42.000000	0.068148	41.517638	y
68	0.068148	41.517638	0.000000	41.000000	y
69	0.000000	41.000000	0.000000	31.000000	y
70	0.000000	31.000000	0.068148	30.482362	y
71	0.068148	30.482362	0.267949	30.000000	y
72	0.267949	30.000000	0.585786	29.585786	y
73	0.585786	29.585786	1.000000	29.267949	y
74	1.000000	29.267949	1.482362	29.068148	y
75	1.482362	29.068148	2.000000	29.000000	y
76	2.000000	29.000000	9.000000	29.000000	y
77	9.000000	29.000000	9.258819	28.965926	y
78	9.258819	28.965926	9.500000	28.866025	y
79	9.500000	28.866025	9.707107	28.707107	y
80	9.707107	28.707107	9.866025	28.500000	y
81	9.866025	28.500000	9.965926	28.258819	y
82	9.965926	28.258819	10.000000	28.000000	y
83	10.000000	28.000000	10.000000	14.000000	y
84	10.000000	14.000000	9.965926	13.741181	y
85	9.965926	13.741181	9.866025	13.500000	y
86	9.866025	13.500000	9.707107	13.292893	y
87	9.707107	13.292893	9.500000	13.133975	y
88	9.500000	13.133975	9.258819	13.034074	y
89	9.258819	13.034074	9.000000	13.000000	y
90	9.000000	13.000000	2.000000	13.000000	y
91	2.000000	13.000000	1.482362	12.931852	y
92	1.482362	12.931852	1.000000	12.732051	y
93	1.000000	12.732051	0.585786	12.414214	y
94	0.585786	12.414214	0.267949	12.000000	y
95	0.267949	12.000000	0.068148	11.517638	y
96	0.068148	11.517638	0.000000	11.000000	y
97	0.000000	11.000000	0.000000	2.000000	y
***************
.BOARD_OUTLINE UNOWNED
1.6
0     0.000000     2.000000     0
0     0.068148     1.482362     0
0     0.267949     1.000000     0
0     0.585786     0.585786     0
0     1.000000     0.267949     0
0     1.482362     0.068148     0
0     2.000000     0.000000     0
0     84.000000     0.000000     0
0     84.517638     0.068148     0
0     85.000000     0.267949     0
0     85.414214     0.585786     0
0     85.732051     1.000000     0
0     85.931852     1.482362     0
0     86.000000     2.000000     0
0     86.000000     11.000000     0
0     85.931852     11.517638     0
0     85.732051     12.000000     0
0     85.414214     12.414214     0
0     85.000000     12.732051     0
0     84.517638     12.931852     0
0     84.000000     13.000000     0
0     77.000000     13.000000     0
0     76.741181     13.034074     0
0     76.500000     13.133975     0
0     76.292893     13.292893     0
0     76.133975     13.500000     0
0     76.034074     13.741181     0
0     76.000000     14.000000     0
0     76.000000     28.000000     0
0     76.034074     28.258819     0
0     76.133975     28.500000     0
0     76.292893     28.707107     0
0     76.500000     28.866025     0
0     76.741181     28.965926     0
0     77.000000     29.000000     0
0     84.000000     29.000000     0
0     84.517638     29.068148     0
0     85.000000     29.267949     0
0     85.414214     29.585786     0
0     85.732051     30.000000     0
0     85.931852     30.482362     0
0     86.000000     31.000000     0
0     86.000000     64.000000     0
0     85.931852     64.517638     0
0     85.732051     65.000000     0
0     85.414214     65.414214     0
0     85.000000     65.732051     0
0     84.517638     65.931852     0
0     84.000000     66.000000     0
0     8.000000     66.000000     0
0     7.482362     65.931852     0
0     7.000000     65.732051     0
0     6.585786     65.414214     0
0     6.267949     65.000000     0
0     6.068148     64.517638     0
0     6.000000     64.000000     0
0     6.000000     45.000000     0
0     5.931852     44.482362     0
0     5.732051     44.000000     0
0     5.414214     43.585786     0
0     5.000000     43.267949     0
0     4.517638     43.068148     0
0     4.000000     43.000000     0
0     2.000000     43.000000     0
0     1.482362     42.931852     0
0     1.000000     42.732051     0
0     0.585786     42.414214     0
0     0.267949     42.000000     0
0     0.068148     41.517638     0
0     0.000000     41.000000     0
0     0.000000     31.000000     0
0     0.068148     30.482362     0
0     0.267949     30.000000     0
0     0.585786     29.585786     0
0     1.000000     29.267949     0
0     1.482362     29.068148     0
0     2.000000     29.000000     0
0     9.000000     29.000000     0
0     9.258819     28.965926     0
0     9.500000     28.866025     0
0     9.707107     28.707107     0
0     9.866025     28.500000     0
0     9.965926     28.258819     0
0     10.000000     28.000000     0
0     10.000000     14.000000     0
0     9.965926     13.741181     0
0     9.866025     13.500000     0
0     9.707107     13.292893     0
0     9.500000     13.133975     0
0     9.258819     13.034074     0
0     9.000000     13.000000     0
0     2.000000     13.000000     0
0     1.482362     12.931852     0
0     1.000000     12.732051     0
0     0.585786     12.414214     0
0     0.267949     12.000000     0
0     0.068148     11.517638     0
0     0.000000     11.000000     0
0     0.000000     2.000000     0
